2024-06-03 20:37:32.097876 - LocalHost:55934 - Process: (Pid:28548, Name:python3.12.exe) Question: 0b77 Questions Number: 1, (example.com 1)
2024-06-03 20:37:32.098845 - LocalHost:55934 - Process: (Pid:28548, Name:python3.12.exe) - Auto Proxy Anser Anser: 0b77 Questions Number: 1, (example.com 1) - Ansers Number: 1
2024-06-03 20:37:37.098629 - LocalHost:55934 - Process: (Pid:28548, Name:python3.12.exe) Question: 5cb9 Questions Number: 1, (example.com 1)
2024-06-03 20:37:37.100137 - LocalHost:55934 - Process: (Pid:28548, Name:python3.12.exe) - Auto Proxy Anser Anser: 5cb9 Questions Number: 1, (example.com 1) - Ansers Number: 1 TTA: 0.0015075206756591797ms
2024-06-03 20:37:42.111883 - LocalHost:55934 - Process: (Pid:28548, Name:python3.12.exe) Question: e82a Questions Number: 1, (example.com 1)
2024-06-03 20:37:42.112851 - LocalHost:55934 - Process: (Pid:28548, Name:python3.12.exe) - Auto Proxy Anser Anser: e82a Questions Number: 1, (example.com 1) - Ansers Number: 1
2024-06-03 20:37:47.100340 - LocalHost:55934 - Process: (Pid:28548, Name:python3.12.exe) Question: 0015 Questions Number: 1, (example.com 1)
2024-06-03 20:37:47.100340 - LocalHost:55934 - Process: (Pid:28548, Name:python3.12.exe) - Auto Proxy Anser Anser: 0015 Questions Number: 1, (example.com 1) - Ansers Number: 1
2024-06-03 20:37:52.117875 - LocalHost:55934 - Process: (Pid:28548, Name:python3.12.exe) Question: 9c00 Questions Number: 1, (example.com 1)
2024-06-03 20:37:52.118871 - LocalHost:55934 - Process: (Pid:28548, Name:python3.12.exe) - Auto Proxy Anser Anser: 9c00 Questions Number: 1, (example.com 1) - Ansers Number: 1
2024-06-03 20:37:57.124391 - LocalHost:55934 - Process: (Pid:28548, Name:python3.12.exe) Question: 82f0 Questions Number: 1, (example.com 1)
2024-06-03 20:37:57.125388 - LocalHost:55934 - Process: (Pid:28548, Name:python3.12.exe) - Auto Proxy Anser Anser: 82f0 Questions Number: 1, (example.com 1) - Ansers Number: 1
2024-06-03 20:38:02.143104 - LocalHost:55934 - Process: (Pid:28548, Name:python3.12.exe) Question: 36a5 Questions Number: 1, (example.com 1)
2024-06-03 20:38:02.143104 - LocalHost:55934 - Process: (Pid:28548, Name:python3.12.exe) - Auto Proxy Anser Anser: 36a5 Questions Number: 1, (example.com 1) - Ansers Number: 1
2024-06-03 20:38:07.160109 - LocalHost:55934 - Process: (Pid:28548, Name:python3.12.exe) Question: 82c3 Questions Number: 1, (example.com 1)
2024-06-03 20:38:07.160109 - LocalHost:55934 - Process: (Pid:28548, Name:python3.12.exe) - Auto Proxy Anser Anser: 82c3 Questions Number: 1, (example.com 1) - Ansers Number: 1
2024-06-03 20:38:12.177695 - LocalHost:55934 - Process: (Pid:28548, Name:python3.12.exe) Question: d4c2 Questions Number: 1, (example.com 1)
2024-06-03 20:38:12.178697 - LocalHost:55934 - Process: (Pid:28548, Name:python3.12.exe) - Auto Proxy Anser Anser: d4c2 Questions Number: 1, (example.com 1) - Ansers Number: 1
2024-06-03 20:38:17.171804 - LocalHost:55934 - Process: (Pid:28548, Name:python3.12.exe) Question: 08bc Questions Number: 1, (example.com 1)
2024-06-03 20:38:17.172804 - LocalHost:55934 - Process: (Pid:28548, Name:python3.12.exe) - Auto Proxy Anser Anser: 08bc Questions Number: 1, (example.com 1) - Ansers Number: 1
2024-06-03 20:38:22.191436 - LocalHost:55934 - Process: (Pid:28548, Name:python3.12.exe) Question: 56b1 Questions Number: 1, (example.com 1)
2024-06-03 20:38:22.191436 - LocalHost:55934 - Process: (Pid:28548, Name:python3.12.exe) - Auto Proxy Anser Anser: 56b1 Questions Number: 1, (example.com 1) - Ansers Number: 1
2024-06-03 20:38:27.206627 - LocalHost:55934 - Process: (Pid:28548, Name:python3.12.exe) Question: 682f Questions Number: 1, (example.com 1)
2024-06-03 20:38:27.207624 - LocalHost:55934 - Process: (Pid:28548, Name:python3.12.exe) - Auto Proxy Anser Anser: 682f Questions Number: 1, (example.com 1) - Ansers Number: 1
2024-06-03 20:38:32.215792 - LocalHost:55934 - Process: (Pid:28548, Name:python3.12.exe) Question: 881a Questions Number: 1, (example.com 1)
2024-06-03 20:38:32.216789 - LocalHost:55934 - Process: (Pid:28548, Name:python3.12.exe) - Auto Proxy Anser Anser: 881a Questions Number: 1, (example.com 1) - Ansers Number: 1
2024-06-03 20:38:37.242596 - LocalHost:55934 - Process: (Pid:28548, Name:python3.12.exe) Question: ece7 Questions Number: 1, (example.com 1)
2024-06-03 20:38:37.242596 - LocalHost:55934 - Process: (Pid:28548, Name:python3.12.exe) - Auto Proxy Anser Anser: ece7 Questions Number: 1, (example.com 1) - Ansers Number: 1
2024-06-03 20:38:42.235477 - LocalHost:55934 - Process: (Pid:28548, Name:python3.12.exe) Question: 0481 Questions Number: 1, (example.com 1)
2024-06-03 20:38:42.236454 - LocalHost:55934 - Process: (Pid:28548, Name:python3.12.exe) - Auto Proxy Anser Anser: 0481 Questions Number: 1, (example.com 1) - Ansers Number: 1
2024-06-03 20:38:47.263194 - LocalHost:55934 - Process: (Pid:28548, Name:python3.12.exe) Question: 5b7d Questions Number: 1, (example.com 1)
2024-06-03 20:38:47.264191 - LocalHost:55934 - Process: (Pid:28548, Name:python3.12.exe) - Auto Proxy Anser Anser: 5b7d Questions Number: 1, (example.com 1) - Ansers Number: 1 TTA: 0.0009975433349609375ms
2024-06-03 20:38:52.293283 - LocalHost:55934 - Process: (Pid:28548, Name:python3.12.exe) Question: eb97 Questions Number: 1, (example.com 1)
2024-06-03 20:38:52.293283 - LocalHost:55934 - Process: (Pid:28548, Name:python3.12.exe) - Auto Proxy Anser Anser: eb97 Questions Number: 1, (example.com 1) - Ansers Number: 1
2024-06-03 20:38:57.314067 - LocalHost:55934 - Process: (Pid:28548, Name:python3.12.exe) Question: 248b Questions Number: 1, (example.com 1)
2024-06-03 20:38:57.315064 - LocalHost:55934 - Process: (Pid:28548, Name:python3.12.exe) - Auto Proxy Anser Anser: 248b Questions Number: 1, (example.com 1) - Ansers Number: 1
2024-06-03 20:39:02.314877 - LocalHost:55934 - Process: (Pid:28548, Name:python3.12.exe) Question: fce2 Questions Number: 1, (example.com 1)
2024-06-03 20:39:02.315875 - LocalHost:55934 - Process: (Pid:28548, Name:python3.12.exe) - Auto Proxy Anser Anser: fce2 Questions Number: 1, (example.com 1) - Ansers Number: 1 TTA: 0.000997781753540039ms
2024-06-03 20:39:07.336842 - LocalHost:55934 - Process: (Pid:28548, Name:python3.12.exe) Question: 46d5 Questions Number: 1, (example.com 1)
2024-06-03 20:39:07.337840 - LocalHost:55934 - Process: (Pid:28548, Name:python3.12.exe) - Auto Proxy Anser Anser: 46d5 Questions Number: 1, (example.com 1) - Ansers Number: 1
2024-06-03 20:39:12.335630 - LocalHost:55934 - Process: (Pid:28548, Name:python3.12.exe) Question: 23c4 Questions Number: 1, (example.com 1)
2024-06-03 20:39:12.335630 - LocalHost:55934 - Process: (Pid:28548, Name:python3.12.exe) - Auto Proxy Anser Anser: 23c4 Questions Number: 1, (example.com 1) - Ansers Number: 1
2024-06-03 20:39:17.333414 - LocalHost:55934 - Process: (Pid:28548, Name:python3.12.exe) Question: 9322 Questions Number: 1, (example.com 1)
2024-06-03 20:39:17.334437 - LocalHost:55934 - Process: (Pid:28548, Name:python3.12.exe) - Auto Proxy Anser Anser: 9322 Questions Number: 1, (example.com 1) - Ansers Number: 1
2024-06-03 20:39:22.314289 - LocalHost:55934 - Process: (Pid:28548, Name:python3.12.exe) Question: cd26 Questions Number: 1, (example.com 1)
2024-06-03 20:39:22.314289 - LocalHost:55934 - Process: (Pid:28548, Name:python3.12.exe) - Auto Proxy Anser Anser: cd26 Questions Number: 1, (example.com 1) - Ansers Number: 1
2024-06-03 20:39:27.313296 - LocalHost:55934 - Process: (Pid:28548, Name:python3.12.exe) Question: fdee Questions Number: 1, (example.com 1)
2024-06-03 20:39:27.314295 - LocalHost:55934 - Process: (Pid:28548, Name:python3.12.exe) - Auto Proxy Anser Anser: fdee Questions Number: 1, (example.com 1) - Ansers Number: 1
2024-06-03 20:39:32.338918 - LocalHost:55934 - Process: (Pid:28548, Name:python3.12.exe) Question: dcde Questions Number: 1, (example.com 1)
2024-06-03 20:39:32.340427 - LocalHost:55934 - Process: (Pid:28548, Name:python3.12.exe) - Auto Proxy Anser Anser: dcde Questions Number: 1, (example.com 1) - Ansers Number: 1
2024-06-03 20:39:37.362821 - LocalHost:55934 - Process: (Pid:28548, Name:python3.12.exe) Question: 28a7 Questions Number: 1, (example.com 1)
2024-06-03 20:39:37.363818 - LocalHost:55934 - Process: (Pid:28548, Name:python3.12.exe) - Auto Proxy Anser Anser: 28a7 Questions Number: 1, (example.com 1) - Ansers Number: 1
2024-06-03 20:39:42.364072 - LocalHost:55934 - Process: (Pid:28548, Name:python3.12.exe) Question: 51d9 Questions Number: 1, (example.com 1)
2024-06-03 20:39:42.364072 - LocalHost:55934 - Process: (Pid:28548, Name:python3.12.exe) - Auto Proxy Anser Anser: 51d9 Questions Number: 1, (example.com 1) - Ansers Number: 1
2024-06-03 20:39:47.381473 - LocalHost:55934 - Process: (Pid:28548, Name:python3.12.exe) Question: 21b3 Questions Number: 1, (example.com 1)
2024-06-03 20:39:47.381473 - LocalHost:55934 - Process: (Pid:28548, Name:python3.12.exe) - Auto Proxy Anser Anser: 21b3 Questions Number: 1, (example.com 1) - Ansers Number: 1
2024-06-03 20:39:52.471348 - LocalHost:55934 - Process: (Pid:28548, Name:python3.12.exe) Question: 53af Questions Number: 1, (example.com 1)
2024-06-03 20:39:52.472351 - LocalHost:55934 - Process: (Pid:28548, Name:python3.12.exe) - Auto Proxy Anser Anser: 53af Questions Number: 1, (example.com 1) - Ansers Number: 1
2024-06-03 20:39:57.487302 - LocalHost:55934 - Process: (Pid:28548, Name:python3.12.exe) Question: 3568 Questions Number: 1, (example.com 1)
2024-06-03 20:39:57.488299 - LocalHost:55934 - Process: (Pid:28548, Name:python3.12.exe) - Auto Proxy Anser Anser: 3568 Questions Number: 1, (example.com 1) - Ansers Number: 1
2024-06-03 20:40:02.495298 - LocalHost:55934 - Process: (Pid:28548, Name:python3.12.exe) Question: fb36 Questions Number: 1, (example.com 1)
2024-06-03 20:40:02.496295 - LocalHost:55934 - Process: (Pid:28548, Name:python3.12.exe) - Auto Proxy Anser Anser: fb36 Questions Number: 1, (example.com 1) - Ansers Number: 1
2024-06-03 20:40:07.527676 - LocalHost:55934 - Process: (Pid:28548, Name:python3.12.exe) Question: 99a3 Questions Number: 1, (example.com 1)
2024-06-03 20:40:07.527676 - LocalHost:55934 - Process: (Pid:28548, Name:python3.12.exe) - Auto Proxy Anser Anser: 99a3 Questions Number: 1, (example.com 1) - Ansers Number: 1
2024-06-03 20:40:12.557949 - LocalHost:55934 - Process: (Pid:28548, Name:python3.12.exe) Question: 7a13 Questions Number: 1, (example.com 1)
2024-06-03 20:40:12.558946 - LocalHost:55934 - Process: (Pid:28548, Name:python3.12.exe) - Auto Proxy Anser Anser: 7a13 Questions Number: 1, (example.com 1) - Ansers Number: 1
2024-06-03 20:40:17.585232 - LocalHost:55934 - Process: (Pid:28548, Name:python3.12.exe) Question: ca15 Questions Number: 1, (example.com 1)
2024-06-03 20:40:17.586229 - LocalHost:55934 - Process: (Pid:28548, Name:python3.12.exe) - Auto Proxy Anser Anser: ca15 Questions Number: 1, (example.com 1) - Ansers Number: 1
2024-06-03 20:40:22.616441 - LocalHost:55934 - Process: (Pid:28548, Name:python3.12.exe) Question: c7af Questions Number: 1, (example.com 1)
2024-06-03 20:40:22.617439 - LocalHost:55934 - Process: (Pid:28548, Name:python3.12.exe) - Auto Proxy Anser Anser: c7af Questions Number: 1, (example.com 1) - Ansers Number: 1
2024-06-03 20:40:27.617205 - LocalHost:55934 - Process: (Pid:28548, Name:python3.12.exe) Question: f150 Questions Number: 1, (example.com 1)
2024-06-03 20:40:27.617205 - LocalHost:55934 - Process: (Pid:28548, Name:python3.12.exe) - Auto Proxy Anser Anser: f150 Questions Number: 1, (example.com 1) - Ansers Number: 1
2024-06-03 20:40:32.618940 - LocalHost:55934 - Process: (Pid:28548, Name:python3.12.exe) Question: 382e Questions Number: 1, (example.com 1)
2024-06-03 20:40:32.620441 - LocalHost:55934 - Process: (Pid:28548, Name:python3.12.exe) - Auto Proxy Anser Anser: 382e Questions Number: 1, (example.com 1) - Ansers Number: 1
2024-06-03 20:40:37.598189 - LocalHost:55934 - Process: (Pid:28548, Name:python3.12.exe) Question: 49ac Questions Number: 1, (example.com 1)
2024-06-03 20:40:37.598189 - LocalHost:55934 - Process: (Pid:28548, Name:python3.12.exe) - Auto Proxy Anser Anser: 49ac Questions Number: 1, (example.com 1) - Ansers Number: 1
2024-06-03 20:40:42.603822 - LocalHost:55934 - Process: (Pid:28548, Name:python3.12.exe) Question: 8e5c Questions Number: 1, (example.com 1)
2024-06-03 20:40:42.603822 - LocalHost:55934 - Process: (Pid:28548, Name:python3.12.exe) - Auto Proxy Anser Anser: 8e5c Questions Number: 1, (example.com 1) - Ansers Number: 1
2024-06-03 20:40:47.598571 - LocalHost:55934 - Process: (Pid:28548, Name:python3.12.exe) Question: bcf8 Questions Number: 1, (example.com 1)
2024-06-03 20:40:47.598571 - LocalHost:55934 - Process: (Pid:28548, Name:python3.12.exe) - Auto Proxy Anser Anser: bcf8 Questions Number: 1, (example.com 1) - Ansers Number: 1
2024-06-03 20:40:52.606248 - LocalHost:55934 - Process: (Pid:28548, Name:python3.12.exe) Question: e66a Questions Number: 1, (example.com 1)
2024-06-03 20:40:52.608243 - LocalHost:55934 - Process: (Pid:28548, Name:python3.12.exe) - Auto Proxy Anser Anser: e66a Questions Number: 1, (example.com 1) - Ansers Number: 1
2024-06-03 20:40:57.595343 - LocalHost:55934 - Process: (Pid:28548, Name:python3.12.exe) Question: 503f Questions Number: 1, (example.com 1)
2024-06-03 20:40:57.595343 - LocalHost:55934 - Process: (Pid:28548, Name:python3.12.exe) - Auto Proxy Anser Anser: 503f Questions Number: 1, (example.com 1) - Ansers Number: 1
2024-06-03 20:41:02.611510 - LocalHost:55934 - Process: (Pid:28548, Name:python3.12.exe) Question: 896c Questions Number: 1, (example.com 1)
2024-06-03 20:41:02.611510 - LocalHost:55934 - Process: (Pid:28548, Name:python3.12.exe) - Auto Proxy Anser Anser: 896c Questions Number: 1, (example.com 1) - Ansers Number: 1
2024-06-03 20:41:07.612266 - LocalHost:55934 - Process: (Pid:28548, Name:python3.12.exe) Question: 565c Questions Number: 1, (example.com 1)
2024-06-03 20:41:07.613263 - LocalHost:55934 - Process: (Pid:28548, Name:python3.12.exe) - Auto Proxy Anser Anser: 565c Questions Number: 1, (example.com 1) - Ansers Number: 1
2024-06-03 20:41:12.624297 - LocalHost:55934 - Process: (Pid:28548, Name:python3.12.exe) Question: ef51 Questions Number: 1, (example.com 1)
2024-06-03 20:41:12.626292 - LocalHost:55934 - Process: (Pid:28548, Name:python3.12.exe) - Auto Proxy Anser Anser: ef51 Questions Number: 1, (example.com 1) - Ansers Number: 1 TTA: 0.0009968280792236328ms
2024-06-03 20:41:17.644360 - LocalHost:55934 - Process: (Pid:28548, Name:python3.12.exe) Question: 5ed7 Questions Number: 1, (example.com 1)
2024-06-03 20:41:17.644360 - LocalHost:55934 - Process: (Pid:28548, Name:python3.12.exe) - Auto Proxy Anser Anser: 5ed7 Questions Number: 1, (example.com 1) - Ansers Number: 1
2024-06-03 20:41:22.663225 - LocalHost:55934 - Process: (Pid:28548, Name:python3.12.exe) Question: 4ebe Questions Number: 1, (example.com 1)
2024-06-03 20:41:22.664222 - LocalHost:55934 - Process: (Pid:28548, Name:python3.12.exe) - Auto Proxy Anser Anser: 4ebe Questions Number: 1, (example.com 1) - Ansers Number: 1 TTA: 0.000997304916381836ms
2024-06-03 20:41:27.677661 - LocalHost:55934 - Process: (Pid:28548, Name:python3.12.exe) Question: 0918 Questions Number: 1, (example.com 1)
2024-06-03 20:41:27.677661 - LocalHost:55934 - Process: (Pid:28548, Name:python3.12.exe) - Auto Proxy Anser Anser: 0918 Questions Number: 1, (example.com 1) - Ansers Number: 1
2024-06-03 20:41:32.694885 - LocalHost:55934 - Process: (Pid:28548, Name:python3.12.exe) Question: f5f2 Questions Number: 1, (example.com 1)
2024-06-03 20:41:32.694885 - LocalHost:55934 - Process: (Pid:28548, Name:python3.12.exe) - Auto Proxy Anser Anser: f5f2 Questions Number: 1, (example.com 1) - Ansers Number: 1
2024-06-03 20:41:37.703253 - LocalHost:55934 - Process: (Pid:28548, Name:python3.12.exe) Question: 027b Questions Number: 1, (example.com 1)
2024-06-03 20:41:37.704250 - LocalHost:55934 - Process: (Pid:28548, Name:python3.12.exe) - Auto Proxy Anser Anser: 027b Questions Number: 1, (example.com 1) - Ansers Number: 1
2024-06-03 20:41:42.688618 - LocalHost:55934 - Process: (Pid:28548, Name:python3.12.exe) Question: 9a78 Questions Number: 1, (example.com 1)
2024-06-03 20:41:42.690125 - LocalHost:55934 - Process: (Pid:28548, Name:python3.12.exe) - Auto Proxy Anser Anser: 9a78 Questions Number: 1, (example.com 1) - Ansers Number: 1
2024-06-03 20:41:47.706280 - LocalHost:55934 - Process: (Pid:28548, Name:python3.12.exe) Question: 8a0f Questions Number: 1, (example.com 1)
2024-06-03 20:41:47.707277 - LocalHost:55934 - Process: (Pid:28548, Name:python3.12.exe) - Auto Proxy Anser Anser: 8a0f Questions Number: 1, (example.com 1) - Ansers Number: 1
2024-06-03 20:41:52.702251 - LocalHost:55934 - Process: (Pid:28548, Name:python3.12.exe) Question: 1fac Questions Number: 1, (example.com 1)
2024-06-03 20:41:52.703247 - LocalHost:55934 - Process: (Pid:28548, Name:python3.12.exe) - Auto Proxy Anser Anser: 1fac Questions Number: 1, (example.com 1) - Ansers Number: 1
2024-06-03 20:41:57.726975 - LocalHost:55934 - Process: (Pid:28548, Name:python3.12.exe) Question: 0677 Questions Number: 1, (example.com 1)
2024-06-03 20:41:57.727972 - LocalHost:55934 - Process: (Pid:28548, Name:python3.12.exe) - Auto Proxy Anser Anser: 0677 Questions Number: 1, (example.com 1) - Ansers Number: 1
2024-06-03 20:42:02.767722 - LocalHost:55934 - Process: (Pid:28548, Name:python3.12.exe) Question: a246 Questions Number: 1, (example.com 1)
2024-06-03 20:42:02.771247 - LocalHost:55934 - Process: (Pid:28548, Name:python3.12.exe) - Auto Proxy Anser Anser: a246 Questions Number: 1, (example.com 1) - Ansers Number: 1 TTA: 0.0025262832641601562ms
2024-06-03 20:42:07.775292 - LocalHost:55934 - Process: (Pid:28548, Name:python3.12.exe) Question: 145f Questions Number: 1, (example.com 1)
2024-06-03 20:42:07.776289 - LocalHost:55934 - Process: (Pid:28548, Name:python3.12.exe) - Auto Proxy Anser Anser: 145f Questions Number: 1, (example.com 1) - Ansers Number: 1 TTA: 0.0009970664978027344ms
2024-06-03 20:42:12.789196 - LocalHost:55934 - Process: (Pid:28548, Name:python3.12.exe) Question: d835 Questions Number: 1, (example.com 1)
2024-06-03 20:42:12.789196 - LocalHost:55934 - Process: (Pid:28548, Name:python3.12.exe) - Auto Proxy Anser Anser: d835 Questions Number: 1, (example.com 1) - Ansers Number: 1
2024-06-03 20:42:17.787464 - LocalHost:55934 - Process: (Pid:28548, Name:python3.12.exe) Question: bd3a Questions Number: 1, (example.com 1)
2024-06-03 20:42:17.789969 - LocalHost:55934 - Process: (Pid:28548, Name:python3.12.exe) - Auto Proxy Anser Anser: bd3a Questions Number: 1, (example.com 1) - Ansers Number: 1
2024-06-03 20:42:22.795276 - LocalHost:55934 - Process: (Pid:28548, Name:python3.12.exe) Question: 5c77 Questions Number: 1, (example.com 1)
2024-06-03 20:42:22.796274 - LocalHost:55934 - Process: (Pid:28548, Name:python3.12.exe) - Auto Proxy Anser Anser: 5c77 Questions Number: 1, (example.com 1) - Ansers Number: 1
2024-06-03 20:42:27.816615 - LocalHost:55934 - Process: (Pid:28548, Name:python3.12.exe) Question: 95b3 Questions Number: 1, (example.com 1)
2024-06-03 20:42:27.817613 - LocalHost:55934 - Process: (Pid:28548, Name:python3.12.exe) - Auto Proxy Anser Anser: 95b3 Questions Number: 1, (example.com 1) - Ansers Number: 1
2024-06-03 20:42:32.820220 - LocalHost:55934 - Process: (Pid:28548, Name:python3.12.exe) Question: aae6 Questions Number: 1, (example.com 1)
2024-06-03 20:42:32.821715 - LocalHost:55934 - Process: (Pid:28548, Name:python3.12.exe) - Auto Proxy Anser Anser: aae6 Questions Number: 1, (example.com 1) - Ansers Number: 1
2024-06-03 20:42:37.904147 - LocalHost:55934 - Process: (Pid:28548, Name:python3.12.exe) Question: f3e2 Questions Number: 1, (example.com 1)
2024-06-03 20:42:37.912643 - LocalHost:55934 - Process: (Pid:28548, Name:python3.12.exe) - Auto Proxy Anser Anser: f3e2 Questions Number: 1, (example.com 1) - Ansers Number: 1
2024-06-03 20:42:42.938184 - LocalHost:55934 - Process: (Pid:28548, Name:python3.12.exe) Question: 754e Questions Number: 1, (example.com 1)
2024-06-03 20:42:42.938184 - LocalHost:55934 - Process: (Pid:28548, Name:python3.12.exe) - Auto Proxy Anser Anser: 754e Questions Number: 1, (example.com 1) - Ansers Number: 1
2024-06-03 20:42:47.954101 - LocalHost:55934 - Process: (Pid:28548, Name:python3.12.exe) Question: bff5 Questions Number: 1, (example.com 1)
2024-06-03 20:42:47.955099 - LocalHost:55934 - Process: (Pid:28548, Name:python3.12.exe) - Auto Proxy Anser Anser: bff5 Questions Number: 1, (example.com 1) - Ansers Number: 1
